{
  "LogSN": "98680371-1273-40f9-9338-5a47cae0145f",
  "PackageName": "DeviceMessageHandler",
  "error": "dial tcp 127.0.0.1:3306: connect: connection refused",
  "file": "/home/skyler/go/src/AlarmMonitor/helper/DB/DB.go:654",
  "func": "AlarmMonitor/helper/DB.GetAccountList",
  "level": "error",
  "msg": "GetAccountList error",
  "time": "2020-11-02T10:15:36.159889"
}
{
  "LogSN": "f80b7c2d-2cb2-40bb-9460-8c38d053a8c6",
  "PackageName": "DeviceMessageHandler",
  "error": "dial tcp 127.0.0.1:3306: connect: connection refused",
  "file": "/home/skyler/go/src/AlarmMonitor/helper/DB/DB.go:653",
  "func": "AlarmMonitor/helper/DB.GetAccountList",
  "level": "error",
  "msg": "GetAccountList error",
  "time": "2020-11-02T16:24:52.509037"
}
