{
  "Error": "dial tcp 127.0.0.1:3306: connect: connection refused",
  "LogSN": "b759d8ef-2656-4d52-8807-0ddfd4f7b698",
  "PackageName": "InitMonitor",
  "file": "/home/skyler/go/src/AlarmMonitor/helper/DB/DB.go:46",
  "func": "AlarmMonitor/helper/DB.GetScenarioList",
  "level": "error",
  "msg": "GetScenarioList Error",
  "time": "2020-11-02T10:15:36.160488"
}
{
  "Error": "dial tcp 127.0.0.1:3306: connect: connection refused",
  "LogSN": "018805b8-441f-4ed8-961e-8b739c703b44",
  "PackageName": "InitMonitor",
  "file": "/home/skyler/go/src/AlarmMonitor/helper/DB/DB.go:46",
  "func": "AlarmMonitor/helper/DB.GetScenarioList",
  "level": "error",
  "msg": "GetScenarioList Error",
  "time": "2020-11-02T16:24:52.510866"
}
